<?xml version="1.0" encoding="UTF-8"?>
<testsuite name="com.hillstate.penthouse.PenthouseApplicationTests" tests="1" skipped="0" failures="0" errors="0" timestamp="2024-02-22T06:32:36" hostname="DESKTOP-0GH7E0J" time="0.505">
  <properties/>
  <testcase name="testJpa()" classname="com.hillstate.penthouse.PenthouseApplicationTests" time="0.505"/>
  <system-out><![CDATA[15:32:32.271 [Test worker] INFO org.springframework.test.context.support.AnnotationConfigContextLoaderUtils -- Could not detect default configuration classes for test class [com.hillstate.penthouse.PenthouseApplicationTests]: PenthouseApplicationTests does not declare any static, non-private, non-final, nested classes annotated with @Configuration.
15:32:32.369 [Test worker] INFO org.springframework.boot.test.context.SpringBootTestContextBootstrapper -- Found @SpringBootConfiguration com.hillstate.penthouse.PenthouseApplication for test class com.hillstate.penthouse.PenthouseApplicationTests

  .   ____          _            __ _ _
 /\\ / ___'_ __ _ _(_)_ __  __ _ \ \ \ \
( ( )\___ | '_ | '_| | '_ \/ _` | \ \ \ \
 \\/  ___)| |_)| | | | | || (_| |  ) ) ) )
  '  |____| .__|_| |_|_| |_\__, | / / / /
 =========|_|==============|___/=/_/_/_/
 :: Spring Boot ::                (v3.2.1)

2024-02-22T15:32:32.714+09:00  INFO 564 --- [    Test worker] c.h.penthouse.PenthouseApplicationTests  : Starting PenthouseApplicationTests using Java 17.0.9 with PID 564 (started by pc-555 in C:\Users\pc-555\IdeaProjects\penthouse)
2024-02-22T15:32:32.715+09:00  INFO 564 --- [    Test worker] c.h.penthouse.PenthouseApplicationTests  : No active profile set, falling back to 1 default profile: "default"
2024-02-22T15:32:33.416+09:00  INFO 564 --- [    Test worker] .s.d.r.c.RepositoryConfigurationDelegate : Bootstrapping Spring Data JPA repositories in DEFAULT mode.
2024-02-22T15:32:33.468+09:00  INFO 564 --- [    Test worker] .s.d.r.c.RepositoryConfigurationDelegate : Finished Spring Data repository scanning in 44 ms. Found 2 JPA repository interfaces.
2024-02-22T15:32:33.863+09:00  INFO 564 --- [    Test worker] o.hibernate.jpa.internal.util.LogHelper  : HHH000204: Processing PersistenceUnitInfo [name: default]
2024-02-22T15:32:33.923+09:00  INFO 564 --- [    Test worker] org.hibernate.Version                    : HHH000412: Hibernate ORM core version 6.4.1.Final
2024-02-22T15:32:33.962+09:00  INFO 564 --- [    Test worker] o.h.c.internal.RegionFactoryInitiator    : HHH000026: Second-level cache disabled
2024-02-22T15:32:34.205+09:00  INFO 564 --- [    Test worker] o.s.o.j.p.SpringPersistenceUnitInfo      : No LoadTimeWeaver setup: ignoring JPA class transformer
2024-02-22T15:32:34.234+09:00  INFO 564 --- [    Test worker] com.zaxxer.hikari.HikariDataSource       : HikariPool-1 - Starting...
2024-02-22T15:32:34.434+09:00  INFO 564 --- [    Test worker] com.zaxxer.hikari.pool.HikariPool        : HikariPool-1 - Added connection conn0: url=jdbc:h2:~/local/local user=SA
2024-02-22T15:32:34.436+09:00  INFO 564 --- [    Test worker] com.zaxxer.hikari.HikariDataSource       : HikariPool-1 - Start completed.
2024-02-22T15:32:34.459+09:00  WARN 564 --- [    Test worker] org.hibernate.orm.deprecation            : HHH90000025: H2Dialect does not need to be specified explicitly using 'hibernate.dialect' (remove the property setting and it will be selected by default)
2024-02-22T15:32:35.246+09:00  INFO 564 --- [    Test worker] o.h.e.t.j.p.i.JtaPlatformInitiator       : HHH000489: No JTA platform available (set 'hibernate.transaction.jta.platform' to enable JTA platform integration)
2024-02-22T15:32:35.300+09:00  INFO 564 --- [    Test worker] j.LocalContainerEntityManagerFactoryBean : Initialized JPA EntityManagerFactory for persistence unit 'default'
2024-02-22T15:32:35.424+09:00  WARN 564 --- [    Test worker] JpaBaseConfiguration$JpaWebConfiguration : spring.jpa.open-in-view is enabled by default. Therefore, database queries may be performed during view rendering. Explicitly configure spring.jpa.open-in-view to disable this warning
2024-02-22T15:32:35.974+09:00  INFO 564 --- [    Test worker] o.s.b.a.h2.H2ConsoleAutoConfiguration    : H2 console available at '/h2-console'. Database available at 'jdbc:h2:~/local/local'
2024-02-22T15:32:36.042+09:00  INFO 564 --- [    Test worker] c.h.penthouse.PenthouseApplicationTests  : Started PenthouseApplicationTests in 3.534 seconds (process running for 4.54)
Hibernate: 
    insert 
    into
        question
        (content, create_date, subject, id) 
    values
        (?, ?, ?, default)
Hibernate: 
    insert 
    into
        question
        (content, create_date, subject, id) 
    values
        (?, ?, ?, default)
]]></system-out>
  <system-err><![CDATA[]]></system-err>
</testsuite>
